[2018-03-24 09:50:45,684] WARN Client session timed out, have not heard from server in 54821518ms for sessionid 0x16252db5b220000 (org.apache.zookeeper.ClientCnxn)
[2018-03-24 09:50:45,686] INFO Client session timed out, have not heard from server in 54821518ms for sessionid 0x16252db5b220000, closing socket connection and attempting reconnect (org.apache.zookeeper.ClientCnxn)
[2018-03-24 09:50:45,687] WARN caught end of stream exception (org.apache.zookeeper.server.NIOServerCnxn)
EndOfStreamException: Unable to read additional data from client sessionid 0x16252db5b220000, likely client has closed socket
	at org.apache.zookeeper.server.NIOServerCnxn.doIO(NIOServerCnxn.java:239)
	at org.apache.zookeeper.server.NIOServerCnxnFactory.run(NIOServerCnxnFactory.java:203)
	at java.lang.Thread.run(Thread.java:748)
[2018-03-24 09:50:45,693] INFO Closed socket connection for client /127.0.0.1:60598 which had sessionid 0x16252db5b220000 (org.apache.zookeeper.server.NIOServerCnxn)
[2018-03-24 09:50:45,786] INFO zookeeper state changed (Disconnected) (org.I0Itec.zkclient.ZkClient)
[2018-03-24 09:50:46,231] INFO Expiring session 0x16252db5b220000, timeout of 6000ms exceeded (org.apache.zookeeper.server.ZooKeeperServer)
[2018-03-24 09:50:46,241] INFO Processed session termination for sessionid: 0x16252db5b220000 (org.apache.zookeeper.server.PrepRequestProcessor)
[2018-03-24 09:50:47,083] INFO Opening socket connection to server localhost/127.0.0.1:2181. Will not attempt to authenticate using SASL (unknown error) (org.apache.zookeeper.ClientCnxn)
[2018-03-24 09:50:47,084] INFO Accepted socket connection from /127.0.0.1:60914 (org.apache.zookeeper.server.NIOServerCnxnFactory)
[2018-03-24 09:50:47,084] INFO Socket connection established to localhost/127.0.0.1:2181, initiating session (org.apache.zookeeper.ClientCnxn)
[2018-03-24 09:50:47,086] INFO Client attempting to renew session 0x16252db5b220000 at /127.0.0.1:60914 (org.apache.zookeeper.server.ZooKeeperServer)
[2018-03-24 09:50:47,087] INFO Invalid session 0x16252db5b220000 for client /127.0.0.1:60914, probably expired (org.apache.zookeeper.server.ZooKeeperServer)
[2018-03-24 09:50:47,087] WARN Unable to reconnect to ZooKeeper service, session 0x16252db5b220000 has expired (org.apache.zookeeper.ClientCnxn)
[2018-03-24 09:50:47,087] INFO zookeeper state changed (Expired) (org.I0Itec.zkclient.ZkClient)
[2018-03-24 09:50:47,087] INFO Unable to reconnect to ZooKeeper service, session 0x16252db5b220000 has expired, closing socket connection (org.apache.zookeeper.ClientCnxn)
[2018-03-24 09:50:47,088] INFO Initiating client connection, connectString=localhost:2181 sessionTimeout=6000 watcher=org.I0Itec.zkclient.ZkClient@647e447 (org.apache.zookeeper.ZooKeeper)
[2018-03-24 09:50:47,088] INFO Closed socket connection for client /127.0.0.1:60914 which had sessionid 0x16252db5b220000 (org.apache.zookeeper.server.NIOServerCnxn)
[2018-03-24 09:50:47,090] INFO Opening socket connection to server localhost/127.0.0.1:2181. Will not attempt to authenticate using SASL (unknown error) (org.apache.zookeeper.ClientCnxn)
[2018-03-24 09:50:47,090] INFO Accepted socket connection from /127.0.0.1:60916 (org.apache.zookeeper.server.NIOServerCnxnFactory)
[2018-03-24 09:50:47,092] INFO Socket connection established to localhost/127.0.0.1:2181, initiating session (org.apache.zookeeper.ClientCnxn)
[2018-03-24 09:50:47,092] INFO Client attempting to establish new session at /127.0.0.1:60916 (org.apache.zookeeper.server.ZooKeeperServer)
[2018-03-24 09:50:47,093] INFO EventThread shut down for session: 0x16252db5b220000 (org.apache.zookeeper.ClientCnxn)
[2018-03-24 09:50:47,827] WARN fsync-ing the write ahead log in SyncThread:0 took 1585ms which will adversely effect operation latency. See the ZooKeeper troubleshooting guide (org.apache.zookeeper.server.persistence.FileTxnLog)
[2018-03-24 09:50:48,305] INFO Established session 0x16252db5b220001 with negotiated timeout 6000 for client /127.0.0.1:60916 (org.apache.zookeeper.server.ZooKeeperServer)
[2018-03-24 09:50:48,305] INFO Session establishment complete on server localhost/127.0.0.1:2181, sessionid = 0x16252db5b220001, negotiated timeout = 6000 (org.apache.zookeeper.ClientCnxn)
[2018-03-24 09:50:48,305] INFO zookeeper state changed (SyncConnected) (org.I0Itec.zkclient.ZkClient)
[2018-03-24 09:50:48,308] INFO re-registering broker info in ZK for broker 0 (kafka.server.KafkaHealthcheck$SessionExpireListener)
[2018-03-24 09:50:48,309] INFO Creating /brokers/ids/0 (is it secure? false) (kafka.utils.ZKCheckedEphemeral)
[2018-03-24 09:50:48,310] INFO Got user-level KeeperException when processing sessionid:0x16252db5b220001 type:create cxid:0x3 zxid:0x31 txntype:-1 reqpath:n/a Error Path:/brokers Error:KeeperErrorCode = NodeExists for /brokers (org.apache.zookeeper.server.PrepRequestProcessor)
[2018-03-24 09:50:48,312] INFO Got user-level KeeperException when processing sessionid:0x16252db5b220001 type:create cxid:0x4 zxid:0x32 txntype:-1 reqpath:n/a Error Path:/brokers/ids Error:KeeperErrorCode = NodeExists for /brokers/ids (org.apache.zookeeper.server.PrepRequestProcessor)
[2018-03-24 09:50:48,683] INFO Creating /controller (is it secure? false) (kafka.utils.ZKCheckedEphemeral)
[2018-03-24 09:50:48,683] INFO Result of znode creation is: OK (kafka.utils.ZKCheckedEphemeral)
[2018-03-24 09:50:48,684] INFO Registered broker 0 at path /brokers/ids/0 with addresses: EndPoint(knoldus-Vostro-2520,9092,ListenerName(PLAINTEXT),PLAINTEXT) (kafka.utils.ZkUtils)
[2018-03-24 09:50:48,686] INFO done re-registering broker (kafka.server.KafkaHealthcheck$SessionExpireListener)
[2018-03-24 09:50:48,688] INFO Subscribing to /brokers/topics path to watch for new topics (kafka.server.KafkaHealthcheck$SessionExpireListener)
[2018-03-24 09:50:48,782] INFO Result of znode creation is: OK (kafka.utils.ZKCheckedEphemeral)
[2018-03-24 09:50:48,938] INFO Got user-level KeeperException when processing sessionid:0x16252db5b220001 type:delete cxid:0x2b zxid:0x36 txntype:-1 reqpath:n/a Error Path:/admin/preferred_replica_election Error:KeeperErrorCode = NoNode for /admin/preferred_replica_election (org.apache.zookeeper.server.PrepRequestProcessor)
[2018-03-24 09:51:16,920] INFO [Kafka Server 0], shutting down (kafka.server.KafkaServer)
[2018-03-24 09:51:16,925] INFO [Kafka Server 0], Starting controlled shutdown (kafka.server.KafkaServer)
[2018-03-24 09:51:16,982] INFO [Kafka Server 0], Controlled shutdown succeeded (kafka.server.KafkaServer)
[2018-03-24 09:51:16,993] INFO [Socket Server on Broker 0], Shutting down (kafka.network.SocketServer)
[2018-03-24 09:51:17,045] INFO [Socket Server on Broker 0], Shutdown completed (kafka.network.SocketServer)
[2018-03-24 09:51:17,045] INFO [Kafka Request Handler on Broker 0], shutting down (kafka.server.KafkaRequestHandlerPool)
[2018-03-24 09:51:17,056] INFO [Kafka Request Handler on Broker 0], shut down completely (kafka.server.KafkaRequestHandlerPool)
[2018-03-24 09:51:17,061] INFO [ThrottledRequestReaper-Fetch]: Shutting down (kafka.server.ClientQuotaManager$ThrottledRequestReaper)
[2018-03-24 09:51:17,687] INFO [ThrottledRequestReaper-Fetch]: Stopped (kafka.server.ClientQuotaManager$ThrottledRequestReaper)
[2018-03-24 09:51:17,688] INFO [ThrottledRequestReaper-Fetch]: Shutdown completed (kafka.server.ClientQuotaManager$ThrottledRequestReaper)
[2018-03-24 09:51:17,688] INFO [ThrottledRequestReaper-Produce]: Shutting down (kafka.server.ClientQuotaManager$ThrottledRequestReaper)
[2018-03-24 09:51:17,690] INFO [ThrottledRequestReaper-Produce]: Stopped (kafka.server.ClientQuotaManager$ThrottledRequestReaper)
[2018-03-24 09:51:17,690] INFO [ThrottledRequestReaper-Produce]: Shutdown completed (kafka.server.ClientQuotaManager$ThrottledRequestReaper)
[2018-03-24 09:51:17,690] INFO [ThrottledRequestReaper-Request]: Shutting down (kafka.server.ClientQuotaManager$ThrottledRequestReaper)
[2018-03-24 09:51:18,687] INFO [ThrottledRequestReaper-Request]: Stopped (kafka.server.ClientQuotaManager$ThrottledRequestReaper)
[2018-03-24 09:51:18,687] INFO [ThrottledRequestReaper-Request]: Shutdown completed (kafka.server.ClientQuotaManager$ThrottledRequestReaper)
[2018-03-24 09:51:18,689] INFO [KafkaApi-0] Shutdown complete. (kafka.server.KafkaApis)
[2018-03-24 09:51:18,692] INFO [ExpirationReaper-0-topic]: Shutting down (kafka.server.DelayedOperationPurgatory$ExpiredOperationReaper)
[2018-03-24 09:51:18,699] INFO [ExpirationReaper-0-topic]: Stopped (kafka.server.DelayedOperationPurgatory$ExpiredOperationReaper)
[2018-03-24 09:51:18,699] INFO [ExpirationReaper-0-topic]: Shutdown completed (kafka.server.DelayedOperationPurgatory$ExpiredOperationReaper)
[2018-03-24 09:51:18,704] INFO [Transaction Coordinator 0]: Shutting down. (kafka.coordinator.transaction.TransactionCoordinator)
[2018-03-24 09:51:18,705] INFO [ProducerId Manager 0]: Shutdown complete: last producerId assigned 2000 (kafka.coordinator.transaction.ProducerIdManager)
[2018-03-24 09:51:18,706] INFO [Transaction State Manager 0]: Shutdown complete (kafka.coordinator.transaction.TransactionStateManager)
[2018-03-24 09:51:18,706] INFO [Transaction Marker Channel Manager 0]: Shutting down (kafka.coordinator.transaction.TransactionMarkerChannelManager)
[2018-03-24 09:51:18,707] INFO [Transaction Marker Channel Manager 0]: Stopped (kafka.coordinator.transaction.TransactionMarkerChannelManager)
[2018-03-24 09:51:18,707] INFO [Transaction Marker Channel Manager 0]: Shutdown completed (kafka.coordinator.transaction.TransactionMarkerChannelManager)
[2018-03-24 09:51:18,708] INFO [Transaction Coordinator 0]: Shutdown complete. (kafka.coordinator.transaction.TransactionCoordinator)
[2018-03-24 09:51:18,710] INFO [GroupCoordinator 0]: Shutting down. (kafka.coordinator.group.GroupCoordinator)
[2018-03-24 09:51:18,710] INFO [ExpirationReaper-0-Heartbeat]: Shutting down (kafka.server.DelayedOperationPurgatory$ExpiredOperationReaper)
[2018-03-24 09:51:18,900] INFO [ExpirationReaper-0-Heartbeat]: Stopped (kafka.server.DelayedOperationPurgatory$ExpiredOperationReaper)
[2018-03-24 09:51:18,900] INFO [ExpirationReaper-0-Heartbeat]: Shutdown completed (kafka.server.DelayedOperationPurgatory$ExpiredOperationReaper)
[2018-03-24 09:51:18,901] INFO [ExpirationReaper-0-Rebalance]: Shutting down (kafka.server.DelayedOperationPurgatory$ExpiredOperationReaper)
[2018-03-24 09:51:19,100] INFO [ExpirationReaper-0-Rebalance]: Stopped (kafka.server.DelayedOperationPurgatory$ExpiredOperationReaper)
[2018-03-24 09:51:19,100] INFO [ExpirationReaper-0-Rebalance]: Shutdown completed (kafka.server.DelayedOperationPurgatory$ExpiredOperationReaper)
[2018-03-24 09:51:19,102] INFO [GroupCoordinator 0]: Shutdown complete. (kafka.coordinator.group.GroupCoordinator)
[2018-03-24 09:51:19,104] INFO [Replica Manager on Broker 0]: Shutting down (kafka.server.ReplicaManager)
[2018-03-24 09:51:19,105] INFO [ReplicaFetcherManager on broker 0] shutting down (kafka.server.ReplicaFetcherManager)
[2018-03-24 09:51:19,110] INFO [ReplicaFetcherManager on broker 0] shutdown completed (kafka.server.ReplicaFetcherManager)
[2018-03-24 09:51:19,110] INFO [ExpirationReaper-0-Fetch]: Shutting down (kafka.server.DelayedOperationPurgatory$ExpiredOperationReaper)
[2018-03-24 09:51:19,300] INFO [ExpirationReaper-0-Fetch]: Shutdown completed (kafka.server.DelayedOperationPurgatory$ExpiredOperationReaper)
[2018-03-24 09:51:19,300] INFO [ExpirationReaper-0-Fetch]: Stopped (kafka.server.DelayedOperationPurgatory$ExpiredOperationReaper)
[2018-03-24 09:51:19,300] INFO [ExpirationReaper-0-Produce]: Shutting down (kafka.server.DelayedOperationPurgatory$ExpiredOperationReaper)
[2018-03-24 09:51:19,308] INFO [ExpirationReaper-0-Produce]: Stopped (kafka.server.DelayedOperationPurgatory$ExpiredOperationReaper)
[2018-03-24 09:51:19,308] INFO [ExpirationReaper-0-Produce]: Shutdown completed (kafka.server.DelayedOperationPurgatory$ExpiredOperationReaper)
[2018-03-24 09:51:19,308] INFO [ExpirationReaper-0-DeleteRecords]: Shutting down (kafka.server.DelayedOperationPurgatory$ExpiredOperationReaper)
[2018-03-24 09:51:19,500] INFO [ExpirationReaper-0-DeleteRecords]: Stopped (kafka.server.DelayedOperationPurgatory$ExpiredOperationReaper)
[2018-03-24 09:51:19,500] INFO [ExpirationReaper-0-DeleteRecords]: Shutdown completed (kafka.server.DelayedOperationPurgatory$ExpiredOperationReaper)
[2018-03-24 09:51:19,507] INFO [Replica Manager on Broker 0]: Shut down completely (kafka.server.ReplicaManager)
[2018-03-24 09:51:19,508] INFO Shutting down. (kafka.log.LogManager)
[2018-03-24 09:51:19,524] INFO Shutdown complete. (kafka.log.LogManager)
[2018-03-24 09:51:19,529] INFO Terminate ZkClient event thread. (org.I0Itec.zkclient.ZkEventThread)
[2018-03-24 09:51:19,530] INFO Processed session termination for sessionid: 0x16252db5b220001 (org.apache.zookeeper.server.PrepRequestProcessor)
[2018-03-24 09:51:19,595] INFO Session: 0x16252db5b220001 closed (org.apache.zookeeper.ZooKeeper)
[2018-03-24 09:51:19,595] INFO Closed socket connection for client /127.0.0.1:60916 which had sessionid 0x16252db5b220001 (org.apache.zookeeper.server.NIOServerCnxn)
[2018-03-24 09:51:19,595] INFO EventThread shut down for session: 0x16252db5b220001 (org.apache.zookeeper.ClientCnxn)
[2018-03-24 09:51:19,602] INFO [Kafka Server 0], shut down completed (kafka.server.KafkaServer)
[2018-03-24 09:51:19,602] INFO NIOServerCnxn factory exited run method (org.apache.zookeeper.server.NIOServerCnxnFactory)
[2018-03-24 09:51:19,602] INFO shutting down (org.apache.zookeeper.server.ZooKeeperServer)
[2018-03-24 09:51:19,602] INFO Shutting down (org.apache.zookeeper.server.SessionTrackerImpl)
[2018-03-24 09:51:19,602] INFO Shutting down (org.apache.zookeeper.server.PrepRequestProcessor)
[2018-03-24 09:51:19,602] INFO PrepRequestProcessor exited loop! (org.apache.zookeeper.server.PrepRequestProcessor)
[2018-03-24 09:51:19,603] INFO Shutting down (org.apache.zookeeper.server.SyncRequestProcessor)
[2018-03-24 09:51:19,603] INFO SyncRequestProcessor exited! (org.apache.zookeeper.server.SyncRequestProcessor)
[2018-03-24 09:51:19,603] INFO shutdown of request processor complete (org.apache.zookeeper.server.FinalRequestProcessor)
